ncsim(64) 14.10-s005
Linux 2.6.32-431.el6.x86_64 #1 SMP Fri Nov 22 03:15:09 UTC 2013 x86_64
CPU cores: 24
Limit information:
======================================
cputime			unlimited
filesize		unlimited
datasize		unlimited
stacksize		10240 kbytes
coredumpsize	0 kbytes
memoryuse		unlimited
vmemoryuse		unlimited
descriptors		4096
memorylocked	64 kbytes
maxproc			1024
======================================
(Special)Runtime environment variables:

Runtime environment variables:
REMOTEHOST=140.116.245.113
MANPATH=/home/nfs_cad/synopsys/synthesis/cur/doc/syn/man
HOSTNAME=ideal125
SELINUX_ROLE_REQUESTED=
HOST=ideal125
TERM=xterm
SHELL=/bin/sh
HISTSIZE=1000
MAKEFLAGS=
SSH_CLIENT=140.116.245.113 50269 22
SELINUX_USE_CURRENT_RANGE=
OLDPWD=/home/wayen/DIC/hw3
MGC_LOCATION_MAP=NO_MAP
QTDIR=/usr/lib64/qt-3.3
QTINC=/usr/lib64/qt-3.3/include
SSH_TTY=/dev/pts/8
GROUP=users
USER=wayen
LD_LIBRARY_PATH=:/usr/cad/cadence/INNOVUS/cur//tools/tlfUtil/lib:/home/nfs_cad/synopsys/verdi/cur/share/PLI/IUS/LINUX64/:/usr/cad/cadence/INCISIV/cur/tools/lib/64bit:/usr/cad/cadence/INCISIV/cur/tools/lib:/usr/cad/cadence/INCISIV/cur/tools/vtools/vfault/lib:/usr/openwin/lib:/usr/dt/lib:/usr/lib:/usr/local/lib
LS_COLORS=rs=0:di=01;34:ln=01;36:mh=00:pi=40;33:so=01;35:do=01;35:bd=40;33;01:cd=40;33;01:or=40;31;01:mi=01;05;37;41:su=37;41:sg=30;43:ca=30;41:tw=30;42:ow=34;42:st=37;44:ex=01;32:*.tar=01;31:*.tgz=01;31:*.arj=01;31:*.taz=01;31:*.lzh=01;31:*.lzma=01;31:*.tlz=01;31:*.txz=01;31:*.zip=01;31:*.z=01;31:*.Z=01;31:*.dz=01;31:*.gz=01;31:*.lz=01;31:*.xz=01;31:*.bz2=01;31:*.tbz=01;31:*.tbz2=01;31:*.bz=01;31:*.tz=01;31:*.deb=01;31:*.rpm=01;31:*.jar=01;31:*.rar=01;31:*.ace=01;31:*.zoo=01;31:*.cpio=01;31:*.7z=01;31:*.rz=01;31:*.jpg=01;35:*.jpeg=01;35:*.gif=01;35:*.bmp=01;35:*.pbm=01;35:*.pgm=01;35:*.ppm=01;35:*.tga=01;35:*.xbm=01;35:*.xpm=01;35:*.tif=01;35:*.tiff=01;35:*.png=01;35:*.svg=01;35:*.svgz=01;35:*.mng=01;35:*.pcx=01;35:*.mov=01;35:*.mpg=01;35:*.mpeg=01;35:*.m2v=01;35:*.mkv=01;35:*.ogm=01;35:*.mp4=01;35:*.m4v=01;35:*.mp4v=01;35:*.vob=01;35:*.qt=01;35:*.nuv=01;35:*.wmv=01;35:*.asf=01;35:*.rm=01;35:*.rmvb=01;35:*.flc=01;35:*.avi=01;35:*.fli=01;35:*.flv=01;35:*.gl=01;35:*.dl=01;35:*.xcf=01;35:*.xwd=01;35:*.yuv=01;35:*.cgm=01;35:*.emf=01;35:*.axv=01;35:*.anx=01;35:*.ogv=01;35:*.ogx=01;35:*.aac=01;36:*.au=01;36:*.flac=01;36:*.mid=01;36:*.midi=01;36:*.mka=01;36:*.mp3=01;36:*.mpc=01;36:*.ogg=01;36:*.ra=01;36:*.wav=01;36:*.axa=01;36:*.oga=01;36:*.spx=01;36:*.xspf=01;36:
MTI_VCO_MODE=64
HOSTTYPE=x86_64-linux
ENCOUNTER=/usr/cad/cadence/INNOVUS/cur/tools/fe
MAKELEVEL=1
MFLAGS=
MAIL=/var/spool/mail/wayen
PATH=/usr/cad/cadence/INCISIV/cur/tools/bin/64bit:/usr/cad/cadence/INCISIV/cur/tools/bin/64bit:/usr/cad/cadence/INCISIV/cur/tools/bin/64bit:/home/nfs_cad/synopsys/vcs/cur/bin:/home/nfs_cad/synopsys/vcs/cur/linux/bin:/home/nfs_cad/synopsys/vcs/cur/linux/util:/home/nfs_cad/synopsys/vcs/cur/linux/flexlm:/usr/cad/cadence/INNOVUS/cur/tools/celtic/bin:/usr/cad/cadence/INNOVUS/cur/tools/plato/bin:/usr/cad/cadence/INNOVUS/cur/tools/dfII/bin:/usr/cad/cadence/INNOVUS/cur/tools/bin:/usr/cad/cadence/INNOVUS/cur//tools/tlfUtil/bin:/usr/cad/cadence/JASPER/cur/bin:/home/nfs_cad/mentor/calibre/cur/bin:/home/nfs_cad/synopsys/adp/cur/bin:/home/nfs_cad/synopsys/laker/cur/bin:/home/nfs_cad/synopsys/icc/cur/amd64/syn/bin:/usr/bin/X11:/home/nfs_cad/synopsys/synthesis/cur/amd64/syn/bin:/home/nfs_cad/synopsys/verdi/cur/bin:/home/nfs_cad/synopsys/verdi/cur/nLint/bin:/usr/cad/cadence/INCISIV/cur/tools/bin:/usr/cad/cadence/INCISIV/cur/tools/vtools/vfault/bin:/usr/cad/cadence/INCISIV/cur/tools/dfII/bin:/home/nfs_cad/mentor/modelsim/10.2/modeltech/bin:/usr/lib64/qt-3.3/bin:/usr/local/bin:/bin:/usr/bin:/usr/local/sbin:/usr/sbin:/sbin
PWD=/home/wayen/DIC/hw3/build
VCS_HOME=/home/nfs_cad/synopsys/vcs/cur
LANG=en_US.UTF-8
Laker_TCL_ToolBox=1
SYNTHESIS=/home/nfs_cad/synopsys/synthesis/cur
OA_HOME=/usr/cad/cadence/INNOVUS/cur/oa
SELINUX_LEVEL_REQUESTED=
VCS_CC=gcc
SYNOPSYS=/home/nfs_cad/synopsys/icc/cur
LM_LICENSE_FILE=26585@lsncku:1717@lsncku:5280@lscic:5280@lsnchu:5280@lscic
SSH_ASKPASS=/usr/libexec/openssh/gnome-ssh-askpass
HISTCONTROL=ignoredups
SHLVL=3
HOME=/home/wayen
LANGUAGE=en_US.UTF-8
OSTYPE=linux
Laker_TCL_L3=1
MGC_HOME=/home/nfs_cad/mentor/calibre/cur
MGC_TMPDIR=/tmp
VENDOR=unknown
LOGNAME=wayen
MACHTYPE=x86_64
CVS_RSH=ssh
QTLIB=/usr/lib64/qt-3.3/lib
SSH_CONNECTION=140.116.245.113 50269 140.116.245.125 22
LESSOPEN=|/usr/bin/lesspipe.sh %s
SHLIB_PATH=/home/nfs_cad/synopsys/verdi/cur/share/PLI/IUS/LINUX64
DISPLAY=localhost:18.0
SYN_MAN_DIR=/home/nfs_cad/synopsys/synthesis/cur/doc/syn/man
G_BROKEN_FILENAMES=1
_=/usr/cad/cadence/INCISIV/cur/tools/bin/ncverilog
_IRUNROOT_=/usr/cad/cadence/INCISIV/cur/tools
CDS_ARCH=lnx86
NCRUNMODE=ncverilog:./INCA_libs/irun.lnx8664.14.10.nc
IRUNBATCH=FALSE
IMPERAS_PORT_FILE=.vsp_ovp_gdb_port
TCL_LIBRARY=/usr/cad/cadence/INCISIV/cur/tools/inca/files/tcl/library
Runtime command line arguments:
argv[0]=ncverilog
argv[1]=../testfixture.v
argv[2]=../CS.v
argv[3]=+nc64bit
argv[4]=+access+r
argv[5]=+notimingcheck
90 profile - 100
          CPU/Mem usage: 0.040 sys,  0.040 user,  191.72M sys,  0.00M vm
91 VC callback profile - scalar:0 vector:0
92 Mon May  4 20:39:04 2020
93 pliAppInit
94 FSDB_GATE is disabled.
95 Enable Parallel Dumping.
96 pliAppMiscSet: New Sim Round
97 pliEntryInit
98 LIBSSCORE=found /home/nfs_cad/synopsys/verdi/cur/share/PLI/IUS/LINUX64/libsscore_ius141.so through $LD_LIBRARY_PATH setting.
99 argv[0]: cs.fsdb
100 argv[0]: +struct
101 argv[1]: +mda
102 argv[2]: (handle)0x43f5128 test.top
103 FSDB Dumper for IUS, Release Verdi_O-2018.09, Linux x86_64/64bit, 08/30/2018
104 (C) 1996 - 2018 by Synopsys, Inc.
105 sps_call_fsdbDumpfile at 0 : /home/wayen/DIC/hw3/testfixture.v(47)
106 argv[0]: cs.fsdb
107 *Verdi* FSDB WARNING: The FSDB file already exists. Overwriting the FSDB file may crash the programs that are using this file.
108 *Verdi* : Create FSDB file 'cs.fsdb'
109 sps_call_fsdbDumpvars at 0 : /home/wayen/DIC/hw3/testfixture.v(48)
110 *Verdi* : Begin traversing the scopes, layer (0).
111 *Verdi* : End of traversing.
112 fsdbDumpvars traverse var: profile - 
          CPU/Mem usage: 0.060 sys,  0.060 user,  292.18M sys,  0.00M vm
                   incr: 0.010 sys,  0.010 user,  8.90M sys,  0.00M vm
                   accu: 0.010 sys,  0.010 user,  8.90M sys,  0.00M vm
              accu incr: 0.010 sys,  0.010 user,  8.90M sys,  0.00M vm

          Count usage: 98 var,  81 idcode,  81 callback
                 incr: 98 var,  81 idcode,  81 callback
                 accu: 98 var,  81 idcode,  81 callback
            accu incr: 98 var,  81 idcode,  81 callback
113 VC callback profile - scalar:0 vector:0
114 Mon May  4 20:39:04 2020
115 fsdbDumpvars: profile - 
          CPU/Mem usage: 0.060 sys,  0.060 user,  293.23M sys,  0.00M vm
                   incr: 0.000 sys,  0.000 user,  1.05M sys,  0.00M vm
                   accu: 0.010 sys,  0.010 user,  9.96M sys,  0.00M vm
              accu incr: 0.000 sys,  0.000 user,  1.05M sys,  0.00M vm

          Count usage: 98 var,  81 idcode,  81 callback
                 incr: 0 var,  0 idcode,  0 callback
                 accu: 98 var,  81 idcode,  81 callback
            accu incr: 0 var,  0 idcode,  0 callback
116 VC callback profile - scalar:44 vector:37
117 Mon May  4 20:39:04 2020
118 sps_call_fsdbDumpvars at 0 : /home/wayen/DIC/hw3/testfixture.v(49)
119 argv[0]: +struct
120 argv[1]: +mda
121 argv[2]: (handle)0x43f5108 test.top
122 *Verdi* : Begin traversing the scope (test.top), layer (0).
123 *Verdi* : Enable +struct and +mda dumping.
124 *Verdi* : End of traversing.
125 fsdbDumpvars traverse var: profile - 
          CPU/Mem usage: 0.060 sys,  0.060 user,  293.23M sys,  0.00M vm
                   incr: 0.000 sys,  0.000 user,  0.00M sys,  0.00M vm
                   accu: 0.000 sys,  0.000 user,  0.00M sys,  0.00M vm
              accu incr: 0.000 sys,  0.000 user,  0.00M sys,  0.00M vm

          Count usage: 205 var,  100 idcode,  100 callback
                 incr: 107 var,  19 idcode,  19 callback
                 accu: 107 var,  19 idcode,  19 callback
            accu incr: 107 var,  19 idcode,  19 callback
126 VC callback profile - scalar:44 vector:37
127 Mon May  4 20:39:04 2020
128 fsdbDumpvars: profile - 
          CPU/Mem usage: 0.060 sys,  0.060 user,  293.23M sys,  0.00M vm
                   incr: 0.000 sys,  0.000 user,  0.00M sys,  0.00M vm
                   accu: 0.000 sys,  0.000 user,  0.00M sys,  0.00M vm
              accu incr: 0.000 sys,  0.000 user,  0.00M sys,  0.00M vm

          Count usage: 205 var,  100 idcode,  100 callback
                 incr: 0 var,  0 idcode,  0 callback
                 accu: 107 var,  19 idcode,  19 callback
            accu incr: 0 var,  0 idcode,  0 callback
129 VC callback profile - scalar:90 vector:76
130 Mon May  4 20:39:04 2020
131 End of simulation at 20040000
132 VC callback profile - scalar:55445 vector:106167
133 Mon May  4 20:39:04 2020
134 Begin FSDB profile info:
135 FSDB Writer : bc1(55445) bcn(106167) mtf/stf(0/0)
FSDB Writer elapsed time : flush(0.102348) io wait(0.000000) theadpool wait(0.000000) target functin(0.000000)
FSDB Writer cpu time : MT Compression : 0
136 End FSDB profile info
137 Parallel profile    -  Flush:4 Expand:0 ProduceWait:0 ConsumerWait:0 BlockUsed:1
138                        ProduceTime:0.255224761 ConsumerTime:0.022127536 Buffer:64MB
139 SimExit
140 Sim process exit
