ncsim(64) 14.10-s005
Linux 2.6.32-431.el6.x86_64 #1 SMP Fri Nov 22 03:15:09 UTC 2013 x86_64
CPU cores: 24
Limit information:
======================================
cputime			unlimited
filesize		unlimited
datasize		unlimited
stacksize		10240 kbytes
coredumpsize	0 kbytes
memoryuse		unlimited
vmemoryuse		unlimited
descriptors		4096
memorylocked	64 kbytes
maxproc			1024
======================================
(Special)Runtime environment variables:

Runtime environment variables:
REMOTEHOST=140.116.245.113
MANPATH=/home/nfs_cad/synopsys/synthesis/cur/doc/syn/man
HOSTNAME=ideal125
SELINUX_ROLE_REQUESTED=
HOST=ideal125
TERM=xterm
SHELL=/bin/sh
HISTSIZE=1000
MAKEFLAGS=
SSH_CLIENT=140.116.245.113 56185 22
SELINUX_USE_CURRENT_RANGE=
OLDPWD=/home/wayen/DIC/hw5
MGC_LOCATION_MAP=NO_MAP
QTDIR=/usr/lib64/qt-3.3
QTINC=/usr/lib64/qt-3.3/include
SSH_TTY=/dev/pts/0
GROUP=users
USER=wayen
LD_LIBRARY_PATH=:/usr/cad/cadence/INNOVUS/cur//tools/tlfUtil/lib:/home/nfs_cad/synopsys/verdi/cur/share/PLI/IUS/LINUX64/:/usr/cad/cadence/INCISIV/cur/tools/lib/64bit:/usr/cad/cadence/INCISIV/cur/tools/lib:/usr/cad/cadence/INCISIV/cur/tools/vtools/vfault/lib:/usr/openwin/lib:/usr/dt/lib:/usr/lib:/usr/local/lib
LS_COLORS=rs=0:di=01;34:ln=01;36:mh=00:pi=40;33:so=01;35:do=01;35:bd=40;33;01:cd=40;33;01:or=40;31;01:mi=01;05;37;41:su=37;41:sg=30;43:ca=30;41:tw=30;42:ow=34;42:st=37;44:ex=01;32:*.tar=01;31:*.tgz=01;31:*.arj=01;31:*.taz=01;31:*.lzh=01;31:*.lzma=01;31:*.tlz=01;31:*.txz=01;31:*.zip=01;31:*.z=01;31:*.Z=01;31:*.dz=01;31:*.gz=01;31:*.lz=01;31:*.xz=01;31:*.bz2=01;31:*.tbz=01;31:*.tbz2=01;31:*.bz=01;31:*.tz=01;31:*.deb=01;31:*.rpm=01;31:*.jar=01;31:*.rar=01;31:*.ace=01;31:*.zoo=01;31:*.cpio=01;31:*.7z=01;31:*.rz=01;31:*.jpg=01;35:*.jpeg=01;35:*.gif=01;35:*.bmp=01;35:*.pbm=01;35:*.pgm=01;35:*.ppm=01;35:*.tga=01;35:*.xbm=01;35:*.xpm=01;35:*.tif=01;35:*.tiff=01;35:*.png=01;35:*.svg=01;35:*.svgz=01;35:*.mng=01;35:*.pcx=01;35:*.mov=01;35:*.mpg=01;35:*.mpeg=01;35:*.m2v=01;35:*.mkv=01;35:*.ogm=01;35:*.mp4=01;35:*.m4v=01;35:*.mp4v=01;35:*.vob=01;35:*.qt=01;35:*.nuv=01;35:*.wmv=01;35:*.asf=01;35:*.rm=01;35:*.rmvb=01;35:*.flc=01;35:*.avi=01;35:*.fli=01;35:*.flv=01;35:*.gl=01;35:*.dl=01;35:*.xcf=01;35:*.xwd=01;35:*.yuv=01;35:*.cgm=01;35:*.emf=01;35:*.axv=01;35:*.anx=01;35:*.ogv=01;35:*.ogx=01;35:*.aac=01;36:*.au=01;36:*.flac=01;36:*.mid=01;36:*.midi=01;36:*.mka=01;36:*.mp3=01;36:*.mpc=01;36:*.ogg=01;36:*.ra=01;36:*.wav=01;36:*.axa=01;36:*.oga=01;36:*.spx=01;36:*.xspf=01;36:
MTI_VCO_MODE=64
HOSTTYPE=x86_64-linux
ENCOUNTER=/usr/cad/cadence/INNOVUS/cur/tools/fe
MAKELEVEL=1
MFLAGS=
MAIL=/var/spool/mail/wayen
PATH=/usr/cad/cadence/INCISIV/cur/tools/bin/64bit:/usr/cad/cadence/INCISIV/cur/tools/bin/64bit:/usr/cad/cadence/INCISIV/cur/tools/bin/64bit:/usr/bin/X11:/usr/cad/synopsys/primetime/cur/amd64/syn/bin:/home/nfs_cad/synopsys/vcs/cur/bin:/home/nfs_cad/synopsys/vcs/cur/linux/bin:/home/nfs_cad/synopsys/vcs/cur/linux/util:/home/nfs_cad/synopsys/vcs/cur/linux/flexlm:/usr/cad/cadence/INNOVUS/cur/tools/celtic/bin:/usr/cad/cadence/INNOVUS/cur/tools/plato/bin:/usr/cad/cadence/INNOVUS/cur/tools/dfII/bin:/usr/cad/cadence/INNOVUS/cur/tools/bin:/usr/cad/cadence/INNOVUS/cur//tools/tlfUtil/bin:/usr/cad/cadence/JASPER/cur/bin:/home/nfs_cad/mentor/calibre/cur/bin:/home/nfs_cad/synopsys/adp/cur/bin:/home/nfs_cad/synopsys/laker/cur/bin:/home/nfs_cad/synopsys/icc/cur/amd64/syn/bin:/usr/bin/X11:/home/nfs_cad/synopsys/synthesis/cur/amd64/syn/bin:/home/nfs_cad/synopsys/verdi/cur/bin:/home/nfs_cad/synopsys/verdi/cur/nLint/bin:/usr/cad/cadence/INCISIV/cur/tools/bin:/usr/cad/cadence/INCISIV/cur/tools/vtools/vfault/bin:/usr/cad/cadence/INCISIV/cur/tools/dfII/bin:/home/nfs_cad/mentor/modelsim/10.2/modeltech/bin:/usr/lib64/qt-3.3/bin:/usr/local/bin:/bin:/usr/bin:/usr/local/sbin:/usr/sbin:/sbin
PWD=/home/wayen/DIC/hw5/build
VCS_HOME=/home/nfs_cad/synopsys/vcs/cur
LANG=en_US.UTF-8
Laker_TCL_ToolBox=1
SYNTHESIS=/home/nfs_cad/synopsys/synthesis/cur
OA_HOME=/usr/cad/cadence/INNOVUS/cur/oa
SELINUX_LEVEL_REQUESTED=
VCS_CC=gcc
SYNOPSYS=/home/nfs_cad/synopsys/icc/cur
PRIMETIME=/usr/cad/synopsys/primetime/cur
LM_LICENSE_FILE=26585@lsnchu:1717@lsncku:5280@lscic:5280@lscic:5280@lsnctu
SSH_ASKPASS=/usr/libexec/openssh/gnome-ssh-askpass
HISTCONTROL=ignoredups
SHLVL=3
HOME=/home/wayen
LANGUAGE=en_US.UTF-8
OSTYPE=linux
Laker_TCL_L3=1
MGC_HOME=/home/nfs_cad/mentor/calibre/cur
MGC_TMPDIR=/tmp
VENDOR=unknown
LOGNAME=wayen
MACHTYPE=x86_64
CVS_RSH=ssh
QTLIB=/usr/lib64/qt-3.3/lib
SSH_CONNECTION=140.116.245.113 56185 140.116.245.125 22
LESSOPEN=|/usr/bin/lesspipe.sh %s
SHLIB_PATH=/home/nfs_cad/synopsys/verdi/cur/share/PLI/IUS/LINUX64
DISPLAY=localhost:10.0
SYN_MAN_DIR=/home/nfs_cad/synopsys/synthesis/cur/doc/syn/man
G_BROKEN_FILENAMES=1
_=/usr/cad/cadence/INCISIV/cur/tools/bin/ncverilog
_IRUNROOT_=/usr/cad/cadence/INCISIV/cur/tools
CDS_ARCH=lnx86
NCRUNMODE=ncverilog:./INCA_libs/irun.lnx8664.14.10.nc
IRUNBATCH=FALSE
IMPERAS_PORT_FILE=.vsp_ovp_gdb_port
TCL_LIBRARY=/usr/cad/cadence/INCISIV/cur/tools/inca/files/tcl/library
Runtime command line arguments:
argv[0]=ncverilog
argv[1]=../testfixture.v
argv[2]=../SOBEL.v
argv[3]=+nc64bit
argv[4]=+access+r
argv[5]=+notimingcheck
91 profile - 100
          CPU/Mem usage: 0.040 sys,  0.050 user,  192.65M sys,  0.00M vm
92 VC callback profile - scalar:0 vector:0
93 Fri Jun 19 19:52:47 2020
94 pliAppInit
95 FSDB_GATE is disabled.
96 Enable Parallel Dumping.
97 pliAppMiscSet: New Sim Round
98 pliEntryInit
99 LIBSSCORE=found /home/nfs_cad/synopsys/verdi/cur/share/PLI/IUS/LINUX64/libsscore_ius141.so through $LD_LIBRARY_PATH setting.
100 argv[0]: top.fsdb
101 argv[0]: +struct
102 argv[1]: +mda
103 argv[2]: (handle)0x3a7c9f8 testfixture.u_sobel
104 FSDB Dumper for IUS, Release Verdi_O-2018.09, Linux x86_64/64bit, 08/30/2018
105 (C) 1996 - 2018 by Synopsys, Inc.
106 sps_call_fsdbDumpfile at 0 : /home/wayen/DIC/hw5/testfixture.v(51)
107 argv[0]: top.fsdb
108 *Verdi* FSDB WARNING: The FSDB file already exists. Overwriting the FSDB file may crash the programs that are using this file.
109 *Verdi* : Create FSDB file 'top.fsdb'
110 sps_call_fsdbDumpvars at 0 : /home/wayen/DIC/hw5/testfixture.v(52)
111 argv[0]: +struct
112 argv[1]: +mda
113 argv[2]: (handle)0x3a7c9d8 testfixture.u_sobel
114 *Verdi* : Begin traversing the scope (testfixture.u_sobel), layer (0).
115 *Verdi* : Enable +struct and +mda dumping.
116 *Verdi* : End of traversing.
117 fsdbDumpvars traverse var: profile - 
          CPU/Mem usage: 0.060 sys,  0.070 user,  293.11M sys,  0.00M vm
                   incr: 0.010 sys,  0.010 user,  8.92M sys,  0.00M vm
                   accu: 0.010 sys,  0.010 user,  8.92M sys,  0.00M vm
              accu incr: 0.010 sys,  0.010 user,  8.92M sys,  0.00M vm

          Count usage: 66 var,  66 idcode,  66 callback
                 incr: 66 var,  66 idcode,  66 callback
                 accu: 66 var,  66 idcode,  66 callback
            accu incr: 66 var,  66 idcode,  66 callback
118 VC callback profile - scalar:0 vector:0
119 Fri Jun 19 19:52:47 2020
120 fsdbDumpvars: profile - 
          CPU/Mem usage: 0.060 sys,  0.070 user,  294.17M sys,  0.00M vm
                   incr: 0.000 sys,  0.000 user,  1.05M sys,  0.00M vm
                   accu: 0.010 sys,  0.010 user,  9.97M sys,  0.00M vm
              accu incr: 0.000 sys,  0.000 user,  1.05M sys,  0.00M vm

          Count usage: 66 var,  66 idcode,  66 callback
                 incr: 0 var,  0 idcode,  0 callback
                 accu: 66 var,  66 idcode,  66 callback
            accu incr: 0 var,  0 idcode,  0 callback
121 VC callback profile - scalar:22 vector:44
122 Fri Jun 19 19:52:47 2020
123 End of simulation at 787210500
124 VC callback profile - scalar:2692150 vector:9579389
125 Fri Jun 19 19:52:51 2020
126 Begin FSDB profile info:
127 FSDB Writer : bc1(2692150) bcn(9579389) mtf/stf(0/1)
FSDB Writer elapsed time : flush(2.310827) io wait(0.000000) theadpool wait(0.000000) target functin(0.000000)
FSDB Writer cpu time : MT Compression : 0
128 End FSDB profile info
129 Parallel profile    -  Flush:3 Expand:1 ProduceWait:0 ConsumerWait:60 BlockUsed:100
130                        ProduceTime:4.033608117 ConsumerTime:3.034630596 Buffer:96MB
131 SimExit
132 Sim process exit
